<?xml version="1.0" encoding="UTF-8"?>
<!-- Generated by org.testng.reporters.JUnitReportReporter -->
<testsuite hostname="LAPTOP-8H8M56MN" failures="0" tests="6" name="ictaktechblog.LoginTestClass" time="58.709" errors="0" timestamp="2023-12-31T13:06:42 IST" skipped="0">
  <testcase classname="ictaktechblog.LoginTestClass" name="Invalidpasswordloginpage" time="8.957"/>
  <system-out/>
  <testcase classname="ictaktechblog.LoginTestClass" name="Invalidemailloginpage" time="11.271"/>
  <system-out/>
  <testcase classname="ictaktechblog.LoginTestClass" name="blankloginpage" time="9.497"/>
  <system-out/>
  <testcase classname="ictaktechblog.LoginTestClass" name="Validtrainerloginpage" time="8.839"/>
  <system-out/>
  <testcase classname="ictaktechblog.LoginTestClass" name="Validadminloginpage" time="10.898"/>
  <system-out/>
  <testcase classname="ictaktechblog.LoginTestClass" name="validLogin" time="9.247"/>
  <system-out/>
</testsuite> <!-- ictaktechblog.LoginTestClass -->
