<?xml version="1.0" encoding="UTF-8"?>
<!-- Generated by org.testng.reporters.JUnitReportReporter -->
<testsuite hostname="LAPTOP-8H8M56MN" failures="0" tests="4" name="org.ictak.techblog.TrainerSignUpTestClass" time="29.134" errors="0" timestamp="2024-01-03T23:40:26 IST" skipped="0">
  <testcase classname="org.ictak.techblog.TrainerSignUpTestClass" name="verifyvalidTrainerName" time="6.934"/>
  <system-out/>
  <testcase classname="org.ictak.techblog.TrainerSignUpTestClass" name="verifyInvalidTrainerName" time="8.125"/>
  <system-out/>
  <testcase classname="org.ictak.techblog.TrainerSignUpTestClass" name="verifyInvalidTrainerPassword" time="6.749"/>
  <system-out/>
  <testcase classname="org.ictak.techblog.TrainerSignUpTestClass" name="verifyInvalidTrainerSelection" time="7.326"/>
  <system-out/>
</testsuite> <!-- org.ictak.techblog.TrainerSignUpTestClass -->
