<?xml version="1.0" encoding="UTF-8"?>
<!-- Generated by org.testng.reporters.JUnitReportReporter -->
<testsuite hostname="LAPTOP-8H8M56MN" failures="0" tests="6" name="org.ictak.techblog.LoginTestClass" time="53.573" errors="0" timestamp="2024-01-04T22:47:31 IST" skipped="0">
  <testcase classname="org.ictak.techblog.LoginTestClass" name="Invalidpasswordloginpage" time="10.804"/>
  <system-out/>
  <testcase classname="org.ictak.techblog.LoginTestClass" name="Invalidemailloginpage" time="8.782"/>
  <system-out/>
  <testcase classname="org.ictak.techblog.LoginTestClass" name="blankloginpage" time="8.714"/>
  <system-out/>
  <testcase classname="org.ictak.techblog.LoginTestClass" name="Validtrainerloginpage" time="7.107"/>
  <system-out/>
  <testcase classname="org.ictak.techblog.LoginTestClass" name="Validadminloginpage" time="9.415"/>
  <system-out/>
  <testcase classname="org.ictak.techblog.LoginTestClass" name="validLogin" time="8.751"/>
  <system-out/>
</testsuite> <!-- org.ictak.techblog.LoginTestClass -->
