<?xml version="1.0" encoding="UTF-8"?>
<!-- Generated by org.testng.reporters.JUnitReportReporter -->
<testsuite hostname="LAPTOP-SKMG5D5I" failures="0" tests="1" name="org.ictak.test.TestClass" time="55.355" errors="0" timestamp="2024-01-03T19:47:00 IST" skipped="0">
  <testcase classname="org.ictak.test.TestClass" name="contact" time="55.355"/>
</testsuite> <!-- org.ictak.test.TestClass -->
