<?xml version="1.0" encoding="UTF-8"?>
<!-- Generated by org.testng.reporters.JUnitReportReporter -->
<testsuite hostname="LAPTOP-8H8M56MN" failures="0" tests="4" name="org.ictak.techblog.SignUpTestClass" time="66.863" errors="0" timestamp="2024-01-04T22:03:32 IST" skipped="0">
  <testcase classname="org.ictak.techblog.SignUpTestClass" name="verifyInvalidUserSelection" time="12.604"/>
  <system-out/>
  <testcase classname="org.ictak.techblog.SignUpTestClass" name="verifyInvalidUserName" time="19.701"/>
  <system-out/>
  <testcase classname="org.ictak.techblog.SignUpTestClass" name="verifyInvalidUserPassword" time="16.436"/>
  <system-out/>
  <testcase classname="org.ictak.techblog.SignUpTestClass" name="verifyvalidUserName" time="18.122"/>
  <system-out/>
</testsuite> <!-- org.ictak.techblog.SignUpTestClass -->
